<?xml version="1.0" encoding="UTF-8"?>
<!-- Generated by org.testng.reporters.JUnitReportReporter -->
<testsuite hostname="QT-INNO-LT1525" failures="0" tests="1" name="serializationExercise.serializeTest" time="2.287" errors="0" timestamp="2022-07-01T17:40:26 IST" skipped="0">
  <testcase classname="serializationExercise.serializeTest" name="step01_Serialize" time="2.287"/>
  <system-out/>
</testsuite> <!-- serializationExercise.serializeTest -->
