<?xml version="1.0" encoding="UTF-8"?>
<!-- Generated by org.testng.reporters.JUnitReportReporter -->
<testsuite hostname="QT-INNO-LT1525" failures="0" tests="6" name="jsonParse.JsonParse" time="1.268" errors="0" timestamp="2022-06-29T17:00:13 IST" skipped="0">
  <testcase classname="jsonParse.JsonParse" name="step01_Print_Number_Of_Courses" time="1.052"/>
  <system-out/>
  <testcase classname="jsonParse.JsonParse" name="step04_Print_All_Courses_And_Titles" time="0.046"/>
  <system-out/>
  <testcase classname="jsonParse.JsonParse" name="step02_Print_Purchase_Amount" time="0.013"/>
  <system-out/>
  <testcase classname="jsonParse.JsonParse" name="step06_Verify_Sum_Of_All_Prices_Matches_Purchase_Amount" time="0.098"/>
  <system-out/>
  <testcase classname="jsonParse.JsonParse" name="step03_Print_Title_Of_First_Course" time="0.046"/>
  <system-out/>
  <testcase classname="jsonParse.JsonParse" name="step05_Print_Number_Of_Copies_Sold_By_RPACourse" time="0.013"/>
  <system-out/>
</testsuite> <!-- jsonParse.JsonParse -->
