<?xml version="1.0" encoding="UTF-8"?>
<!-- Generated by org.testng.reporters.JUnitReportReporter -->
<testsuite hostname="QT-INNO-LT1525" failures="0" tests="3" name="oauthExercise.OAuth" time="3.306" errors="0" timestamp="2022-06-30T16:47:40 IST" skipped="0">
  <testcase classname="oauthExercise.OAuth" name="step03_Authorization" time="0.701"/>
  <system-out/>
  <testcase classname="oauthExercise.OAuth" name="step01_SplitUrl" time="0.009"/>
  <system-out/>
  <testcase classname="oauthExercise.OAuth" name="step02_FetchingAccessToken" time="2.596"/>
  <system-out/>
</testsuite> <!-- oauthExercise.OAuth -->
