<?xml version="1.0" encoding="UTF-8"?>
<!-- Generated by org.testng.reporters.JUnitReportReporter -->
<testsuite hostname="QT-INNO-LT1525" failures="0" tests="4" name="googleAPI.GoogleAPITest" time="3.060" errors="0" timestamp="2022-06-29T16:06:01 IST" skipped="0">
  <testcase classname="googleAPI.GoogleAPITest" name="step01_AddPlace" time="2.014"/>
  <system-out/>
  <testcase classname="googleAPI.GoogleAPITest" name="step04_VerifyingAddress" time="0.002"/>
  <system-out/>
  <testcase classname="googleAPI.GoogleAPITest" name="step02_UpdatePlace" time="0.670"/>
  <system-out/>
  <testcase classname="googleAPI.GoogleAPITest" name="step03_GetPlace" time="0.374"/>
  <system-out/>
</testsuite> <!-- googleAPI.GoogleAPITest -->
